SF:lib/app/model/forecast_data.dart
DA:8,1
DA:16,2
DA:17,1
DA:18,1
DA:19,1
DA:20,5
DA:21,2
DA:24,0
DA:25,0
DA:26,0
DA:27,0
DA:28,0
DA:29,0
DA:44,1
DA:56,2
DA:57,1
DA:58,2
DA:59,5
DA:60,2
DA:61,2
DA:62,1
DA:63,2
DA:64,2
DA:65,1
DA:68,0
DA:69,0
DA:70,0
DA:71,0
DA:72,0
DA:73,0
DA:74,0
DA:75,0
DA:76,0
DA:77,0
DA:92,1
DA:104,2
DA:105,2
DA:106,2
DA:107,2
DA:108,2
DA:109,1
DA:110,1
DA:111,1
DA:112,1
DA:113,2
DA:116,0
DA:117,0
DA:118,0
DA:119,0
DA:120,0
DA:121,0
DA:122,0
DA:123,0
DA:124,0
DA:125,0
DA:135,1
DA:142,2
DA:143,1
DA:144,1
DA:145,1
DA:146,1
DA:149,0
DA:150,0
DA:151,0
DA:152,0
DA:153,0
DA:160,1
DA:164,2
DA:165,1
DA:168,0
DA:169,0
DA:178,1
DA:184,2
DA:185,2
DA:186,1
DA:187,2
DA:190,0
DA:191,0
DA:192,0
DA:193,0
DA:200,1
DA:204,2
DA:205,1
DA:208,0
DA:209,0
DA:223,1
DA:234,2
DA:235,1
DA:236,1
DA:237,2
DA:238,1
DA:239,1
DA:240,1
DA:241,1
DA:242,1
DA:245,0
DA:246,0
DA:247,0
DA:248,0
DA:249,0
DA:250,0
DA:251,0
DA:252,0
DA:253,0
DA:261,1
DA:266,2
DA:267,2
DA:268,2
DA:271,0
DA:272,0
DA:273,0
LF:111
LH:60
end_of_record
SF:lib/app/model/weather_data.dart
DA:16,1
DA:32,1
DA:33,1
DA:34,3
DA:35,6
DA:36,1
DA:37,3
DA:38,1
DA:39,3
DA:40,3
DA:41,1
DA:42,3
DA:43,1
DA:44,1
DA:45,1
DA:46,1
DA:50,0
DA:51,0
DA:52,0
DA:53,0
DA:55,0
DA:56,0
DA:58,0
DA:59,0
DA:60,0
DA:62,0
DA:63,0
DA:64,0
DA:66,0
DA:67,0
DA:69,0
DA:70,0
DA:71,0
DA:73,0
DA:74,0
DA:75,0
DA:76,0
DA:85,1
DA:87,1
DA:88,1
DA:89,2
DA:90,2
DA:94,0
DA:95,0
DA:96,0
DA:97,0
DA:108,1
DA:110,1
DA:111,1
DA:112,1
DA:113,1
DA:114,1
DA:115,1
DA:119,0
DA:120,0
DA:121,0
DA:122,0
DA:123,0
DA:124,0
DA:139,1
DA:141,1
DA:142,1
DA:143,2
DA:144,2
DA:145,2
DA:146,2
DA:147,1
DA:148,1
DA:149,1
DA:150,1
DA:154,0
DA:155,0
DA:156,0
DA:157,0
DA:158,0
DA:159,0
DA:160,0
DA:161,0
DA:162,0
DA:163,0
DA:173,1
DA:175,1
DA:176,1
DA:177,2
DA:178,1
DA:179,2
DA:183,0
DA:184,0
DA:185,0
DA:186,0
DA:187,0
DA:195,1
DA:197,1
DA:198,1
DA:199,1
DA:203,0
DA:204,0
DA:205,0
DA:215,1
DA:217,1
DA:218,1
DA:219,1
DA:220,1
DA:221,1
DA:225,0
DA:226,0
DA:227,0
DA:228,0
DA:229,0
LF:109
LH:55
end_of_record
SF:lib/app/network/loggng_interceptor.dart
DA:7,0
DA:12,0
DA:15,0
DA:16,0
DA:17,0
DA:18,0
DA:19,0
DA:21,0
DA:24,0
DA:27,0
DA:32,0
DA:33,0
DA:34,0
DA:37,0
DA:40,0
DA:45,0
DA:46,0
DA:47,0
DA:50,0
LF:19
LH:0
end_of_record
SF:lib/app/network/weather_service.dart
DA:13,1
DA:15,1
DA:19,1
DA:20,1
DA:21,1
DA:28,2
DA:29,3
DA:33,2
DA:35,4
DA:37,2
DA:41,0
DA:42,0
DA:47,3
DA:52,1
DA:56,1
DA:57,1
DA:58,1
DA:65,2
DA:66,3
DA:70,2
DA:72,4
DA:74,2
DA:78,0
DA:81,0
DA:86,3
LF:25
LH:21
end_of_record
